/*C6*/SET SCHEMA PUBLIC
INSERT INTO PRODUTO VALUES(8,'Mesa Azul','Mesa com 4 p\u00e9s')
COMMIT
SET SCHEMA PUBLIC
DISCONNECT
/*C7*/SET SCHEMA PUBLIC
create table Categoria (id integer generated by default as identity primary key, nome varchar(255))\u000a
INSERT INTO CATEGORIA VALUES(0,'Eletrodom\u00e9stico')
COMMIT
INSERT INTO CATEGORIA VALUES(1,'Eletr\u00f4nico')
COMMIT
INSERT INTO CATEGORIA VALUES(2,'M\u00f3vel')
COMMIT
alter table Produto add column categoria_id integer\u000a
DELETE FROM PRODUTO WHERE ID=1
DELETE FROM PRODUTO WHERE ID=2
INSERT INTO PRODUTO VALUES(1,'Geladeira','Geladeira duas portas',0)
INSERT INTO PRODUTO VALUES(2,'Ferro de passar','Ferro de passar roupa com vaporizador',0)
COMMIT
DELETE FROM PRODUTO WHERE ID=8
INSERT INTO PRODUTO VALUES(8,'Mesa Azul','Mesa com 4 p\u00e9s',2)
COMMIT
DELETE FROM PRODUTO WHERE ID=3
INSERT INTO PRODUTO VALUES(3,'Notebook','Notebook i5',1)
COMMIT
/*C8*/SET SCHEMA PUBLIC
DISCONNECT
/*C9*/SET SCHEMA PUBLIC
DISCONNECT
/*C10*/SET SCHEMA PUBLIC
DISCONNECT
/*C11*/SET SCHEMA PUBLIC
DISCONNECT
